<?xml version="1.0" encoding="utf-8"?><testsuites name="pytest tests"><testsuite name="pytest" errors="0" failures="0" skipped="0" tests="11" time="2.413" timestamp="2026-07-26T21:37:38.799037+00:00" hostname="agent-env-45801910-2964-4e5f-8d40-de0f29358f76"><testcase classname="backend.tests.test_iter17_impact" name="test_impact_summary_unauth_403" time="0.159" /><testcase classname="backend.tests.test_iter17_impact" name="test_impact_summary_ok_shape" time="0.474" /><testcase classname="backend.tests.test_iter17_impact" name="test_grant_zero_cost_per_resident_zero" time="0.212" /><testcase classname="backend.tests.test_iter17_impact" name="test_grant_config_updates_cost_per_resident" time="0.204" /><testcase classname="backend.tests.test_iter17_impact" name="test_volunteer_contact_analytics_increments" time="0.470" /><testcase classname="backend.tests.test_iter17_impact" name="test_geography_contains_bl6" time="0.108" /><testcase classname="backend.tests.test_iter17_impact" name="test_impact_pdf_unauth_403" time="0.105" /><testcase classname="backend.tests.test_iter17_impact" name="test_impact_pdf_full_header_auth" time="0.168" /><testcase classname="backend.tests.test_iter17_impact" name="test_impact_pdf_token_query_param" time="0.111" /><testcase classname="backend.tests.test_iter17_impact" name="test_impact_pdf_short_smaller_than_full" time="0.224" /><testcase classname="backend.tests.test_iter17_impact" name="test_zzz_reset_grant_to_zero" time="0.118" /></testsuite></testsuites>