<?xml version="1.0" encoding="utf-8"?><testsuites name="pytest tests"><testsuite name="pytest" errors="0" failures="0" skipped="0" tests="7" time="2.674" timestamp="2026-07-26T22:03:15.328764+00:00" hostname="agent-env-45801910-2964-4e5f-8d40-de0f29358f76"><testcase classname="backend.tests.test_iter18_batch_b.TestSavedEventsSync" name="test_sync_requires_email_or_device" time="0.637" /><testcase classname="backend.tests.test_iter18_batch_b.TestSavedEventsSync" name="test_subscribe_with_saved_events_persists" time="0.267" /><testcase classname="backend.tests.test_iter18_batch_b.TestSavedEventsSync" name="test_sync_with_device_id" time="0.101" /><testcase classname="backend.tests.test_iter18_batch_b.TestReminderLoop" name="test_run_now_requires_admin" time="0.103" /><testcase classname="backend.tests.test_iter18_batch_b.TestReminderLoop" name="test_24h_reminder_and_idempotency" time="0.850" /><testcase classname="backend.tests.test_iter18_batch_b.TestReminderLoop" name="test_2h_reminder" time="0.367" /><testcase classname="backend.tests.test_iter18_batch_b.TestNewsletterPreview" name="test_preview_contains_calendar_links" time="0.207" /></testsuite></testsuites>