<?xml version="1.0" encoding="utf-8"?><testsuites name="pytest tests"><testsuite name="pytest" errors="0" failures="2" skipped="0" tests="7" time="4.077" timestamp="2026-07-26T22:45:22.268353+00:00" hostname="agent-env-45801910-2964-4e5f-8d40-de0f29358f76"><testcase classname="backend.tests.test_iter19_batch_c.TestDuplicate" name="test_duplicate_returns_new_event" time="0.956" /><testcase classname="backend.tests.test_iter19_batch_c.TestRecurring" name="test_patch_recurrence_and_expand" time="0.101"><failure message="AssertionError: recurrence not persisted on PATCH: {'id': '40c66e9b-9de8-4c9d-91ff-0ad6475c31ec', 'title': 'TEST_Batch C Source Event', 'orgSlug': 'horwich-blackrod-community-events-cic', 'category': 'Community', 'start': '2026-07-29T22:45:22.888156+00:00', 'end': '2026-07-30T00:45:22.888173+00:00', 'venue': 'Test Hall', 'address': '1 Test Rd', 'description': 'Iter19 Batch C source', 'cost': '', 'age': '', 'accessibility': '', 'booking': '', 'contactEmail': '', 'contactPhone': '', 'image': '', 'featured': False, 'status': 'approved', 'recurrence': None}&#10;assert None is not None&#10; +  where None = &lt;built-in method get of dict object at 0xf95462353740&gt;('recurrence')&#10; +    where &lt;built-in method get of dict object at 0xf95462353740&gt; = {'accessibility': '', 'address': '1 Test Rd', 'age': '', 'booking': '', ...}.get">backend/tests/test_iter19_batch_c.py:89: in test_patch_recurrence_and_expand
    assert updated.get("recurrence") is not None, f"recurrence not persisted on PATCH: {updated}"
E   AssertionError: recurrence not persisted on PATCH: {'id': '40c66e9b-9de8-4c9d-91ff-0ad6475c31ec', 'title': 'TEST_Batch C Source Event', 'orgSlug': 'horwich-blackrod-community-events-cic', 'category': 'Community', 'start': '2026-07-29T22:45:22.888156+00:00', 'end': '2026-07-30T00:45:22.888173+00:00', 'venue': 'Test Hall', 'address': '1 Test Rd', 'description': 'Iter19 Batch C source', 'cost': '', 'age': '', 'accessibility': '', 'booking': '', 'contactEmail': '', 'contactPhone': '', 'image': '', 'featured': False, 'status': 'approved', 'recurrence': None}
E   assert None is not None
E    +  where None = &lt;built-in method get of dict object at 0xf95462353740&gt;('recurrence')
E    +    where &lt;built-in method get of dict object at 0xf95462353740&gt; = {'accessibility': '', 'address': '1 Test Rd', 'age': '', 'booking': '', ...}.get</failure></testcase><testcase classname="backend.tests.test_iter19_batch_c.TestRecurring" name="test_get_instance_by_virtual_id" time="0.111"><failure message="AssertionError: {&quot;detail&quot;:&quot;Event instance not found&quot;}&#10;assert 404 == 200&#10; +  where 404 = &lt;Response [404]&gt;.status_code">backend/tests/test_iter19_batch_c.py:119: in test_get_instance_by_virtual_id
    assert r.status_code == 200, r.text
E   AssertionError: {"detail":"Event instance not found"}
E   assert 404 == 200
E    +  where 404 = &lt;Response [404]&gt;.status_code</failure></testcase><testcase classname="backend.tests.test_iter19_batch_c.TestRecurring" name="test_clear_recurrence" time="0.164" /><testcase classname="backend.tests.test_iter19_batch_c.TestPoster" name="test_poster_png" time="0.320" /><testcase classname="backend.tests.test_iter19_batch_c.TestPoster" name="test_poster_pdf" time="0.388" /><testcase classname="backend.tests.test_iter19_batch_c.TestOrgAnalyticsV2" name="test_analytics_shape_and_track_updates_totals" time="1.930" /></testsuite></testsuites>