<?xml version="1.0" encoding="utf-8"?><testsuites name="pytest tests"><testsuite name="pytest" errors="0" failures="0" skipped="0" tests="8" time="2.408" timestamp="2026-07-26T18:15:38.513885+00:00" hostname="agent-env-45801910-2964-4e5f-8d40-de0f29358f76"><testcase classname="backend.tests.test_iter16_coming_soon.TestSiteSettings" name="test_get_public_no_auth" time="0.121" /><testcase classname="backend.tests.test_iter16_coming_soon.TestSiteSettings" name="test_patch_unauth_returns_403" time="0.134" /><testcase classname="backend.tests.test_iter16_coming_soon.TestSiteSettings" name="test_patch_with_jwt_toggles_and_resets" time="0.655" /><testcase classname="backend.tests.test_iter16_coming_soon.TestSiteSettings" name="test_patch_with_legacy_x_admin_code" time="0.222" /><testcase classname="backend.tests.test_iter16_coming_soon.TestOrgAuthLogin" name="test_login_success" time="0.107" /><testcase classname="backend.tests.test_iter16_coming_soon.TestOrgAuthLogin" name="test_login_wrong_password_401" time="0.117" /><testcase classname="backend.tests.test_iter16_coming_soon.TestSubscribeAndWizard" name="test_subscribe_creates_record" time="0.104" /><testcase classname="backend.tests.test_iter16_coming_soon.TestSubscribeAndWizard" name="test_web_wizard_enquiry_accepted" time="0.879" /></testsuite></testsuites>