<?xml version="1.0" encoding="utf-8"?><testsuites name="pytest tests"><testsuite name="pytest" errors="0" failures="0" skipped="0" tests="11" time="17.140" timestamp="2026-07-26T17:49:50.579473+00:00" hostname="agent-env-45801910-2964-4e5f-8d40-de0f29358f76"><testcase classname="backend.tests.test_session15_auth_chat.TestChatContext" name="test_json_context" time="0.159" /><testcase classname="backend.tests.test_session15_auth_chat.TestChatContext" name="test_markdown_context" time="0.109" /><testcase classname="backend.tests.test_session15_auth_chat.TestAdminAuth" name="test_login_success" time="0.393" /><testcase classname="backend.tests.test_session15_auth_chat.TestAdminAuth" name="test_login_wrong_password" time="0.344" /><testcase classname="backend.tests.test_session15_auth_chat.TestAdminAuth" name="test_lockout_after_5_failures" time="1.141" /><testcase classname="backend.tests.test_session15_auth_chat.TestAdminAuth" name="test_auth_me_with_token" time="0.109" /><testcase classname="backend.tests.test_session15_auth_chat.TestAdminAuth" name="test_auth_me_without_header" time="0.105" /><testcase classname="backend.tests.test_session15_auth_chat.TestImpersonateJWT" name="test_impersonate_with_jwt" time="0.138" /><testcase classname="backend.tests.test_session15_auth_chat.TestImpersonateJWT" name="test_impersonate_without_auth_returns_403" time="0.112" /><testcase classname="backend.tests.test_session15_auth_chat.TestAdminParseRegression" name="test_image_upload_ocr" time="0.110" /><testcase classname="backend.tests.test_session15_auth_chat.TestAdminParseRegression" name="test_multiple_documents" time="14.342" /></testsuite></testsuites>