<?xml version="1.0" encoding="utf-8"?><testsuites name="pytest tests"><testsuite name="pytest" errors="0" failures="0" skipped="0" tests="8" time="1.166" timestamp="2026-07-26T17:04:08.819789+00:00" hostname="agent-env-45801910-2964-4e5f-8d40-de0f29358f76"><testcase classname="backend.tests.test_impersonation_quickcreate.TestImpersonation" name="test_impersonate_valid" time="0.294" /><testcase classname="backend.tests.test_impersonation_quickcreate.TestImpersonation" name="test_impersonate_wrong_code" time="0.096" /><testcase classname="backend.tests.test_impersonation_quickcreate.TestImpersonation" name="test_impersonate_unknown_slug" time="0.046" /><testcase classname="backend.tests.test_impersonation_quickcreate.TestVenues" name="test_create_and_get_venue" time="0.090" /><testcase classname="backend.tests.test_impersonation_quickcreate.TestVenues" name="test_duplicate_venue_name_409" time="0.092" /><testcase classname="backend.tests.test_impersonation_quickcreate.TestVolunteers" name="test_create_and_get_volunteer" time="0.142" /><testcase classname="backend.tests.test_impersonation_quickcreate.TestEvents" name="test_create_and_get_event" time="0.143" /><testcase classname="backend.tests.test_impersonation_quickcreate.TestOrgApprovalFlow" name="test_create_org_and_approve" time="0.193" /></testsuite></testsuites>