<?xml version="1.0" encoding="utf-8"?><testsuites name="pytest tests"><testsuite name="pytest" errors="0" failures="0" skipped="0" tests="17" time="12.371" timestamp="2026-07-08T08:57:21.979607+00:00" hostname="agent-env-45801910-2964-4e5f-8d40-de0f29358f76"><testcase classname="backend.tests.backend_test.TestHealth" name="test_root" time="0.157" /><testcase classname="backend.tests.backend_test.TestHealth" name="test_seeded" time="0.044" /><testcase classname="backend.tests.backend_test.TestHealth" name="test_stats" time="0.081" /><testcase classname="backend.tests.backend_test.TestSubscriberFlow" name="test_subscribe" time="0.084" /><testcase classname="backend.tests.backend_test.TestSubscriberFlow" name="test_resubscribe_merges" time="0.043" /><testcase classname="backend.tests.backend_test.TestSubscriberFlow" name="test_get_preferences" time="0.083" /><testcase classname="backend.tests.backend_test.TestSubscriberFlow" name="test_patch_preferences" time="0.082" /><testcase classname="backend.tests.backend_test.TestSubscriberFlow" name="test_newsletter_preview_personalised" time="0.044" /><testcase classname="backend.tests.backend_test.TestSubscriberFlow" name="test_unsubscribe" time="0.086" /><testcase classname="backend.tests.backend_test.TestBroadcast" name="test_broadcast_mocked" time="0.082" /><testcase classname="backend.tests.backend_test.TestParseContentMultiEvent" name="test_multi_event" time="10.593" /><testcase classname="backend.tests.backend_test.TestContactAdmin" name="test_message_lifecycle" time="0.214" /><testcase classname="backend.tests.backend_test.TestOrgNotifications" name="test_create_and_list" time="0.090" /><testcase classname="backend.tests.backend_test.TestOrgProfilePatch" name="test_patch_persists" time="0.124" /><testcase classname="backend.tests.backend_test.TestFacebookMocked" name="test_connect_flips_flag" time="0.083" /><testcase classname="backend.tests.backend_test.TestFacebookMocked" name="test_publish_mocked" time="0.042" /><testcase classname="backend.tests.backend_test.TestDocuments" name="test_upload_and_list" time="0.345" /></testsuite></testsuites>