<?xml version="1.0" encoding="utf-8"?><testsuites name="pytest tests"><testsuite name="pytest" errors="0" failures="0" skipped="0" tests="14" time="5.942" timestamp="2026-07-10T10:42:33.630969+00:00" hostname="agent-env-45801910-2964-4e5f-8d40-de0f29358f76"><testcase classname="backend.tests.test_org_images.TestOrgLogoUpload" name="test_upload_logo_png" time="0.732" /><testcase classname="backend.tests.test_org_images.TestOrgLogoUpload" name="test_org_document_reflects_paths" time="0.046" /><testcase classname="backend.tests.test_org_images.TestOrgLogoUpload" name="test_get_logo_is_512_png" time="0.133" /><testcase classname="backend.tests.test_org_images.TestOrgLogoUpload" name="test_get_logo_thumb_is_128_png" time="0.210" /><testcase classname="backend.tests.test_org_images.TestOrgLogoUpload" name="test_replace_logo" time="0.479" /><testcase classname="backend.tests.test_org_images.TestOrgLogoUpload" name="test_upload_webp_logo" time="0.644" /><testcase classname="backend.tests.test_org_images.TestOrgCoverUpload" name="test_upload_cover_jpg" time="0.300" /><testcase classname="backend.tests.test_org_images.TestOrgCoverUpload" name="test_org_has_cover_path" time="0.047" /><testcase classname="backend.tests.test_org_images.TestOrgCoverUpload" name="test_get_cover_is_1600x500_jpeg" time="0.167" /><testcase classname="backend.tests.test_org_images.TestImageRejections" name="test_reject_gif" time="0.046" /><testcase classname="backend.tests.test_org_images.TestImageRejections" name="test_reject_invalid_bytes" time="0.047" /><testcase classname="backend.tests.test_org_images.TestImageRejections" name="test_reject_too_large" time="1.740" /><testcase classname="backend.tests.test_org_images.TestDeleteFlow" name="test_delete_logo" time="0.693" /><testcase classname="backend.tests.test_org_images.TestDeleteFlow" name="test_delete_cover" time="0.583" /></testsuite></testsuites>